{"C:\\Users\\Work\\Documents\\Portfolio\\MERN_INT_PROJECT_1\\frontend\\src\\components\\ErrorFile.tsx": {"path":"C:\\Users\\Work\\Documents\\Portfolio\\MERN_INT_PROJECT_1\\frontend\\src\\components\\ErrorFile.tsx","all":false,"statementMap":{"0":{"start":{"line":1,"column":0},"end":{"line":1,"column":47}},"2":{"start":{"line":3,"column":0},"end":{"line":3,"column":25}},"3":{"start":{"line":4,"column":0},"end":{"line":4,"column":33}},"5":{"start":{"line":6,"column":0},"end":{"line":6,"column":10}},"6":{"start":{"line":7,"column":0},"end":{"line":7,"column":89}},"7":{"start":{"line":8,"column":0},"end":{"line":8,"column":59}},"9":{"start":{"line":10,"column":0},"end":{"line":10,"column":11}},"10":{"start":{"line":11,"column":0},"end":{"line":11,"column":48}},"12":{"start":{"line":13,"column":0},"end":{"line":13,"column":10}},"13":{"start":{"line":14,"column":0},"end":{"line":14,"column":13}},"14":{"start":{"line":15,"column":0},"end":{"line":15,"column":37}},"15":{"start":{"line":16,"column":0},"end":{"line":16,"column":88}},"16":{"start":{"line":17,"column":0},"end":{"line":17,"column":7}},"18":{"start":{"line":19,"column":0},"end":{"line":19,"column":15}},"19":{"start":{"line":20,"column":0},"end":{"line":20,"column":10}},"21":{"start":{"line":22,"column":0},"end":{"line":22,"column":2}},"23":{"start":{"line":24,"column":0},"end":{"line":24,"column":25}}},"s":{"0":1,"2":1,"3":2,"5":2,"6":2,"7":2,"9":2,"10":2,"12":2,"13":2,"14":2,"15":2,"16":2,"18":2,"19":2,"21":2,"23":1},"branchMap":{"0":{"type":"branch","line":3,"loc":{"start":{"line":3,"column":18},"end":{"line":22,"column":2}},"locations":[{"start":{"line":3,"column":18},"end":{"line":22,"column":2}}]},"1":{"type":"branch","line":15,"loc":{"start":{"line":15,"column":17},"end":{"line":15,"column":37}},"locations":[{"start":{"line":15,"column":17},"end":{"line":15,"column":37}}]}},"b":{"0":[2],"1":[1]},"fnMap":{"0":{"name":"ErrorFile","decl":{"start":{"line":3,"column":18},"end":{"line":22,"column":2}},"loc":{"start":{"line":3,"column":18},"end":{"line":22,"column":2}},"line":3},"1":{"name":"onClick","decl":{"start":{"line":15,"column":17},"end":{"line":15,"column":37}},"loc":{"start":{"line":15,"column":17},"end":{"line":15,"column":37}},"line":15}},"f":{"0":2,"1":1}}
,"C:\\Users\\Work\\Documents\\Portfolio\\MERN_INT_PROJECT_1\\frontend\\src\\components\\Welcome.tsx": {"path":"C:\\Users\\Work\\Documents\\Portfolio\\MERN_INT_PROJECT_1\\frontend\\src\\components\\Welcome.tsx","all":false,"statementMap":{"10":{"start":{"line":11,"column":0},"end":{"line":11,"column":47}},"18":{"start":{"line":19,"column":0},"end":{"line":19,"column":20}},"19":{"start":{"line":20,"column":0},"end":{"line":20,"column":33}},"21":{"start":{"line":22,"column":0},"end":{"line":22,"column":10}},"22":{"start":{"line":23,"column":0},"end":{"line":23,"column":88}},"23":{"start":{"line":24,"column":0},"end":{"line":24,"column":68}},"24":{"start":{"line":25,"column":0},"end":{"line":25,"column":47}},"25":{"start":{"line":26,"column":0},"end":{"line":26,"column":11}},"26":{"start":{"line":27,"column":0},"end":{"line":27,"column":11}},"27":{"start":{"line":28,"column":0},"end":{"line":28,"column":77}},"28":{"start":{"line":29,"column":0},"end":{"line":29,"column":24}},"29":{"start":{"line":30,"column":0},"end":{"line":30,"column":29}},"30":{"start":{"line":31,"column":0},"end":{"line":31,"column":10}},"31":{"start":{"line":32,"column":0},"end":{"line":32,"column":7}},"33":{"start":{"line":34,"column":0},"end":{"line":34,"column":13}},"34":{"start":{"line":35,"column":0},"end":{"line":35,"column":11}},"36":{"start":{"line":37,"column":0},"end":{"line":37,"column":1}},"38":{"start":{"line":39,"column":0},"end":{"line":39,"column":23}}},"s":{"10":1,"18":1,"19":1,"21":1,"22":1,"23":1,"24":1,"25":1,"26":1,"27":1,"28":1,"29":0,"30":0,"31":1,"33":1,"34":1,"36":1,"38":1},"branchMap":{"0":{"type":"branch","line":19,"loc":{"start":{"line":19,"column":0},"end":{"line":37,"column":1}},"locations":[{"start":{"line":19,"column":0},"end":{"line":37,"column":1}}]}},"b":{"0":[1]},"fnMap":{"0":{"name":"Welcome","decl":{"start":{"line":19,"column":0},"end":{"line":37,"column":1}},"loc":{"start":{"line":19,"column":0},"end":{"line":37,"column":1}},"line":19},"1":{"name":"onClick","decl":{"start":{"line":29,"column":17},"end":{"line":31,"column":10}},"loc":{"start":{"line":29,"column":17},"end":{"line":31,"column":10}},"line":29}},"f":{"0":1,"1":0}}
}
